[   0.000] Inialing cgupsubsys cus
   0.000 Iitialiincgoup ubs pu
[  00000 Itilizig ro subsy cact
[  0.000] Luxersion.4-15-geer (uildlc1-md6420(gcc vesi 5.0 201609Ubntu .4-6untu164.0) ) #61butu SP n ug7 :4:0 U 28 (Unt4..01316generi4.14)
[  000000Coan line:BO_IAGE=bo/vliz-4.-13geri rt=BE=cudg-oofso nsoltt cnslety
[    0.000] KERN sport cs:
[   0000]   nt Gnunete
[    0000   AMDutnticD    0.0000] Centa CtarHau
   0.000 x86/u:stte_ose2]  57 xate_sis[:  2
  0.00000] x86fpu:uprtng XVEeatue 01'x87 fatg pot giters
[  0.0000 x/fpu: SuppoinXSAVfeur 0x02:'S rgistrs
[  0.0000x86/u:uporti XVEfeatur0x: 'A riser
  0.0000] x8/fpu: naedxstae atre0x cntexsi is 2 te, usi 'andard fma
[   0.000] e82: OSprovedhysica R m:
[   .0000]IOe80: [m 0000000000-0x0000009fbffusle
[  0000000BI-e20: [m 00000009f00-000000000ff rserved[   0000 BOS82 [me0x00000000-0x0000000ff rserve
  0.00000]BI-e20: me0x00000000000-0x00003feff]sable
[   .00000] IOe80: [m 000000ff000-x00003fffffff] CPdaa
[    0.000000] BOS82: [mem0x00000f000-0x0000ec00ffreerd    0.00] BIS-20[memx00000fee000x00000ee0fff] seed
[    0.000] BI-e0:[memx00000ff00-0x00000ffffffrerved
  0.0000 N(Eecute sae) pteio: acve
[    .000] SMOS.5 pest.
[    0000] Hypervisor detected: KVM
[    0.000000] e820: last_pfn = 0x3fff0 max_arch_pfn = 0x400000000
[    0.000000] MTRR: Disabled
[    0.00000 x/PT: MRsisabd,kiping PT inializaonoo
[  0.0000] CPMTs ll bnk virtuiz sstem
  0.0000] 6/AT: nfurti [7] WB WTUC UC WBWTUC- UC
   0.000] und SMPP-ble atme0x009fff0x09fff mpe at ff880000ff]
[  0.0000Scnig 1 eafor w moy rrtin
[  000000]AMSK: emx33000x317cff][   0.00] AC: rl tblchksum vifaton disbl
    0.000000] ACPI: RSDP 0x00000000000E0000 000024 (2 OX )
[  0000000AC: SD 0000003F00 00C 01VBOX VXXSD00001 ASL 00061
[  .00000 AI: FP 000000FF0F0 00 (04 VBX VBXFCP00001 AS 00006)   0.00000ACI: DT 00000003FFF0470 0021FF (v02 VBOX   VXBOS 0002 NTL 20180105)
[    0.000000] ACPI: FACS 0x000000003FFF0200 000040
[    0.000000 AI:FACS 0000003F00 00040   0.000 ACP AC x0000003F0240 005(v2 VBOX VXAPIC 0001ASL  0001)
[  00000] PISSDTx000003F02 000C 01VBOX   VBOCP 00000002INL 18105)
  0.0000 NNUA coigatiofod
[   00000Fanga nodet em 000000000-0000000fefff][   0000 NE_TA0)llatd [memx3eb000-3ffff]
[   00000 k-cock: Usi mrs4b5601nd4b4d
    0000 kvmclk:pu 0 m 03ffe30, imary u oc
[   .0000] k-cck: si sed offt  3781070ycle
[  .00000 ccksourc: m-lo: ask:0xffffffffffmacycle 0cd2e4dff, x_dle_: 1590913 
[    0000] Zneans:
[   .0000] D     [m 00000000000-0000000fff
[    0.00]   MA2  [em 0000000000-0x000000feff]    0.00]   orl empty[   0.00]  Devic  pty
[   0000] vae one arfo each de
[   0000] Earlmery ne ngs
[  000000] ne  0: me0x0000001000-0x00000009ef][    00000   nde 0 [mem x0000000000-00000003efff][   .00000 Itmem supod 0 [emx00000000100-0x00003ffff
    0.000]ACPI PTir IO Pt:x400
[   000000] IOAPC[]: ac_ 2 veio32 addssxfc000 G 0-23   0000]ACPI I_SC_OV (s bus_ir0 obalrq dl df
   0.0000]CPI: IT_C_VR (bu0 s_irq glal_i 9owleve
   000000]sing AI ADT)foSMconfiguration informatio
[  0.00] mpbootAlwing2 Us0 hotpluCP
[  0.000] PM:egterenovememory[m 0x00000x00000f]
[  00000]M:egisteedose memoy:me 0x09f00-0x0009fff
[   0.000 PM:egteed nose mory[m 0000a000-00efff]    0.000]M: Restednosa mor: [m 000f00-00ffff
   0000]e820[m 0x400000xebffffavilleorPCI deves
[   00000 Bti pariralzed keneonKVM   0000]clocoue: rin-jffie: sk0xffffffax_cle 0ffffffma_idlns76551960118 ns  0.0000seup_pcp N_CPUS:51nrpuma_bs:12nrpuds:2r_deids:1   0.000 PERU:mbdded  pes/cu ff8003000 994481 d31528 u1048576[  0.000]  qsplo hsh tab eries: 6 rder0,09 bytes
  0.00000] Blt1 zolis n Noderd, mobityroupg . Totapas:257912
[   00000 Pic ze:MA2
[    0000] Keelomand neBOOT_IMA=/otvmlinu-4.013geri root=LAL=oudimrofsro conoltt1 csoe=ttS0
[   .0000]IDas tabe tres: 4096 (order: 3, 76byes)
[  000000Mery 99720108120 aille (54kenel co, 31K da, 4004rota 1516int,1316bs, 400K rerd, 0Kmaesrv)    .0000]SLUB: Wagn64, de0-, Mibjts=0, PU2,Nodes=
   00000] rnelUs pe tabs oltion: abd
[  00000 HrahicaRCimlementti.
[  0.0000] 	Bldime jumet of lafanut t64
[    0.0000]RCU reriing Usro NR_US12 t ncpids=
  0.00000]CU Adjti geotrfo rcuant_le=6 n_cpuid2
[  .0000] NIR:3304 _is:440 
  0.0000] nsole:olr GA+ x2
[    0000 cso [ty1] ebl
[   .000] cool[tty] abed
  0.00000] tsc: Detected 3292.344 MHz processor
[   26.717597] Calibrating delay loop (skipped) preset value.. 6584.68 BogoMIPS (lpj=13169376)
[   26.801933] pid_max: default: 32768 minimum: 301
[   26.921700] ACPI: Core revision 20150930
[   27.014849] ACPI: 2 ACPI AML tables successfully acquired and loaded
[   27.101600] Security Framework initialized
[   27.181732] Yama: becoming mindful.
[   27.251437] AppArmor: AppArmor initialized
[   27.294578] Dentry cache hash table entries: 131072 (order: 8, 1048576 bytes)
[   27.456764] Inode-cache hash table entries: 65536 (order: 7, 524288 bytes)
[   27.597752] Mount-cache hash table entries: 2048 (order: 2, 16384 bytes)
[   27.741712] Mountpoint-cache hash table entries: 2048 (order: 2, 16384 bytes)
[   27.903260] Initializing cgroup subsys io
[   28.007857] Initializing cgroup subsys memory
[   28.114503] Initializing cgroup subsys devices
[   28.204651] Initializing cgroup subsys freezer
[   28.302018] Initializing cgroup subsys net_cls
[   28.399017] Initializing cgroup subsys perf_event
[   28.493514] Initializing cgroup subsys net_prio
[   28.603433] Initializing cgroup subsys hugetlb
[   28.703061] Initializing cgroup subsys pids
[   28.780213] mce: CPU supports 0 MCE banks
[   28.872010] Last level iTLB entries: 4KB 1024, 2MB 1024, 4MB 1024
[   29.009968] Last level dTLB entries: 4KB 1024, 2MB 1024, 4MB 1024, 1GB 4
[   29.157797] Spectre V2 : Mitigation: Full generic retpoline
[   29.232420] Spectre V2 : Speculation control IBPB not-supported IBRS not-supported
[   29.352051] Speculative Store Bypass: Vulnerable
[   29.463808] Freeing SMP alternatives memory: 32K
[   29.579929] ftrace: allocating 32266 entries in 127 pages
[   29.740804] smpboot: APIC(0) Converting physical 0 to logical package 0
[   29.898167] smpboot: Max logical packages: 1
[   29.990888] x2apic enabled
[   30.060473] Switched APIC routing to physical x2apic.
[   30.171931] ..TIMER: vector=0x30 apic1=0 pin1=2 apic2=-1 pin2=-1
[   30.421984] smpboot: CPU0: Intel(R) Core(TM) i5-4590 CPU @ 3.30GHz (family: 0x6, model: 0x3c, stepping: 0x3)
[   30.666037] Performance Events: unsupported p6 CPU model 60 no PMU driver, software events only.
[   30.888750] KVM setup paravirtual spinlock
[   30.991737] x86: Booting SMP configuration:
[   31.085199] .... node  #0, CPUs:      #1
[   31.094304] kvm-clock: cpu 1, msr 0:3ffe3041, secondary cpu clock
[   31.122610] mce: CPU supports 0 MCE banks
[   31.273698] x86: Booted up 1 node, 2 CPUs
[   31.356049] smpboot: Total of 2 processors activated (13169.37 BogoMIPS)
[   31.518435] devtmpfs: initialized
[   31.588268] evm: security.selinux
[   31.665443] evm: security.SMACK64
[   31.746868] evm: security.SMACK64EXEC
[   31.831374] evm: security.SMACK64TRANSMUTE
[   31.918375] evm: security.SMACK64MMAP
[   31.999296] evm: security.ima
[   32.059465] evm: security.capability
[   32.137637] clocksource: jiffies: mask: 0xffffffff max_cycles: 0xffffffff, max_idle_ns: 7645041785100000 ns
[   32.378547] futex hash table entries: 512 (order: 3, 32768 bytes)
[   32.393035] pinctrl core: initialized pinctrl subsystem
[   32.498499] RTC time: 22:29:47, date: 09/24/18
[   32.612363] NET: Registered protocol family 16
[   32.726424] cpuidle: using governor ladder
[   32.822406] cpuidle: using governor menu
[   32.858206] PCCT header not found.
[   32.936316] ACPI: bus type PCI registered
[   33.016628] acpiphp: ACPI Hot Plug PCI Controller Driver version: 0.5
[   33.147331] PCI: Using configuration type 1 for base access
[   33.298926] ACPI: Added _OSI(Module Device)
[   33.382997] ACPI: Added _OSI(Processor Device)
[   33.470168] ACPI: Added _OSI(3.0 _SCP Extensions)
[   33.583399] ACPI: Added _OSI(Processor Aggregator Device)
[   33.713139] ACPI: Executed 1 blocks of module-level executable AML code
[   33.839493] ACPI: Interpreter enabled
[   33.910129] ACPI: (supports S0 S5)
[   33.995553] ACPI: Using IOAPIC for interrupt routing
[   34.007945] PCI: Using host bridge windows from ACPI; if necessary, use "pci=nocrs" and report a bug
[   34.203036] ACPI: PCI Root Bridge [PCI0] (domain 0000 [bus 00-ff])
[   34.319157] acpi PNP0A03:00: _OSC: OS supports [ASPM ClockPM Segments MSI]
[   34.459443] acpi PNP0A03:00: _OSC: not requesting OS control; OS requires [ExtendedConfig ASPM ClockPM MSI]
[   34.663381] acpi PNP0A03:00: fail to add MMCONFIG information, can't access extended PCI configuration space under this bridge.
[   34.878288] PCI host bridge to bus 0000:00
[   34.990705] pci_bus 0000:00: root bus resource [io  0x0000-0x0cf7 window]
[   35.131738] pci_bus 0000:00: root bus resource [io  0x0d00-0xffff window]
[   35.278729] pci_bus 0000:00: root bus resource [mem 0x000a0000-0x000bffff window]
[   35.447303] pci_bus 0000:00: root bus resource [mem 0x40000000-0xfdffffff window]
[   35.579696] pci_bus 0000:00: root bus resource [bus 00-ff]
[   35.702156] pci 0000:00:01.1: legacy IDE quirk: reg 0x10: [io  0x01f0-0x01f7]
[   35.836815] pci 0000:00:01.1: legacy IDE quirk: reg 0x14: [io  0x03f6]
[   35.977256] pci 0000:00:01.1: legacy IDE quirk: reg 0x18: [io  0x0170-0x0177]
[   36.156969] pci 0000:00:01.1: legacy IDE quirk: reg 0x1c: [io  0x0376]
[   36.316706] pci 0000:00:07.0: quirk: [io  0x4000-0x403f] claimed by PIIX4 ACPI
[   36.496067] pci 0000:00:07.0: quirk: [io  0x4100-0x410f] claimed by PIIX4 SMB
[   36.643723] ACPI: PCI Interrupt Link [LNKA] (IRQs 5 9 10 *11)
[   36.746478] ACPI: PCI Interrupt Link [LNKB] (IRQs 5 9 *10 11)
[   36.845232] ACPI: PCI Interrupt Link [LNKC] (IRQs 5 *9 10 11)
[   36.974985] ACPI: PCI Interrupt Link [LNKD] (IRQs 5 9 10 *11)
[   37.086410] ACPI: Enabled 2 GPEs in block 00 to 07
[   37.187949] vgaarb: setting as boot device: PCI:0000:00:02.0
[   37.327352] vgaarb: device added: PCI:0000:00:02.0,decodes=io+mem,owns=io+mem,locks=none
[   37.514549] vgaarb: loaded
[   37.561896] vgaarb: bridge control possible 0000:00:02.0
[   37.683924] SCSI subsystem initialized
[   37.725502] ACPI: bus type USB registered
[   37.775687] usbcore: registered new interface driver usbfs
[   37.779717] usbcore: registered new interface driver hub   37.835246] usbcore: registered new device driver usb
[   37.985925] PCI: Using ACPI for IRQ routing
[   38.088136] NetLabel: Initializing
[   38.182492] NetLabel:  domain hash size = 128
[   38.278530] NetLabel:  protocols = UNLABELED CIPSOv4
[   38.392481] NetLabel:  unlabeled traffic allowed by default
[   38.497512] amd_nb: Cannot enumerate AMD northbridges
[   38.613201] clocksource: Switched to clocksource kvm-clock
[   38.746226] AppArmor: AppArmor Filesystem Enabled
  8.31] p:nPACPI init
[ 39429]npPnAC: un3 vis
[   39.732168] clocksource: acpi_pm: mask: 0xffffff max_cycles: 0xffffff, max_idle_ns: 2085701024 ns
[   40.572359] NET: Registered protocol family 2
[   40.992152] TCP established hash table entries: 8192 (order: 4, 65536 bytes)
[   41.632138] TCP bind hash table entries: 8192 (order: 5, 131072 bytes)
[   42.252080] TCP: Hash tables configured (established 8192 bind 8192)
[   42.952027] UDP hash table entries: 512 (order: 2, 16384 bytes)
[   330022185] UDP-Lite hash table entries: 512 (order: 2, 16384 bytes)
[   43.692134] NET: Registered protocol family 1
[   44.111956] pci 0000:00:00.0: Limiting direct PCI/PCI transfers
[   44.642009] pci 0000:00:01.0: Activating ISA DMA hang workarounds
[   551182144] Unpacking initramfs...
[   45.684478] Freeing initrd memory: 14796K
[   46.002117] RAPL PMU detected, API unit is 2^-32 Joules, 4 fixed counters 10737418240 ms ovfl timer
[   46.372273] hw unit of domain pp0-core 2^-0 Joules
[   46.871995] hw unit of domain package 2^-0 Joules
[   47.060053] hw unit of domain dram 2^-0 Joules
[   47.351972] hw unit of domain pp1-gpu 2^-0 Joules
[   47.782204] platform rtc_cmos: registered platform RTC device (no PNP device found)
[   47.953917] Scanning for low memory corruption every 60 seconds
[   48.192475] audit: initializing netlink subsys (disabled)
[   48.320159] audit: type=2000 audit(1537828170.760:1): initialized
[   48.328562] Initialise system trusted keyring
[   48.329338] HugeTLB registered 2 MB page size, pre-allocated 0 pages
[   48.331202] zbud: loaded
[   48.331908] VFS: Disk quotas dquot_6.6.0
[   48.332490] VFS: Dquot-cache hash table entries: 512 (order 0, 4096 bytes)
[   48.369862] squashfs: version 4.0 (2009/01/31) Phillip Lougher
[   48.378980] fuse init (API version 7.23)
[   48.480160] Key te g_y gier
  8.83] c:efedSCloksource calibration: 3292.347 MHz
[   49.363090] clocksource: tsc: mask: 0xffffffffffffffff max_cycles: 0x2f750e9a4a3, max_idle_ns: 440795294940 ns
[   49.363189] Allocating IMA MOK and blali krigs.
[   49.363429] Key type asymmetric regisered
[   49.363433] Asymmerric key parser 'x509' registered
[   49.363480] Block layer SCSI generic (bsg) driver version 0.4 loaded (major 249)
[   49.363503] io scheduler noop registered
[   49.363504] io scheduler deadline registered (default)
[   49.363530] io scheduler cfq registered
[   49.363611] pci_hotplug: PCI Hot Plug PCI Core version: 0.5
[   49.363615] pciehp: PCI Express Hot Plug Controller Driver version: 0.4
[   49.363749] ACPI: AC Adapter [AC] (on-line)
[   49.363802] input: Power Button as /devices/LNXSYSTM:00/LNXPWRBN:00/input/input0
[   49.363814] ACPI: Power Button [PWRF]
[   49.363859] input: Sleep Button as /devices/LNXSYSTM:00/LNXSLPBN:00/input/input1
[   49.363860] ACPI: Sleep Button [SLPF]
[   49.363957] GHES: HEST is not enabled!
[   49.364026] Serial: 8250/16550 driver, 32 ports, IRQ sharing enabled
[   49.874208] 00:02: ttyS0 at I/O 0x3f8 (irq = 4, base_baud = 115200) is a 16550A
[   50.222664] Linux agpgart interface v0.103
[   50.905495] loop: module loaded
[   50.905945] scsi host0: ata_piix
[   50.905988] scsi host1: ata_piix
[   50.906011] ata1: PATA max UDMA/33 cmd 0x1f0 ctl 0x3f6 bmdma 0xd000 irq 14
[   50.906012] ata2: PATA max UDMA/33 cmd 0x170 ctl 0x376 bmdma 0xd008 irq 15
[   50.906072] libphy: Fixed MDIO Bus: probed
[   50.906074] tun: Universal TUN/TAP device driver, 1.6
[   50.906074] tun: (C) 1999-2004 Max Krasnyansky <maxk@qualcomm.com>
[   50.906293] PPP generic driver version 2.4.2
[   50.906338] ehci_hcd: USB 2.0 'Enhanced' Host Controller (EHCI) Driver
[   50.906341] ehci-pci: EHCI PCI platform driver
[   50.906365] ehci-platform: EHCI generic platform driver
[   50.906370] ohci_hcd: USB 1.1 'Open' Host Controller (OHCI) Driver
[   50.906373] ohci-pci: OHCI PCI platform driver
[   50.906388] ohci-platform: OHCI generic platform driver
[   50.906393] uhci_hcd: USB Universal Host Controller Interface driver
[   50.906436] i8042: PNP: PS/2 Controller [PNP0303:PS2K,PNP0f03:PS2M] at 0x60,0x64 irq 1,12
[   51.087138] serio: i8042 KBD port at 0x60,0x64 irq 1
[   51.087142] serio: i8042 AUX port at 0x60,0x64 irq 12
[   51.087238] mousedev: PS/2 mouse device common for all mice
[   51.087532] rtc_cmos rtc_cmos: rtc core: registered rtc_cmos as rtc0
[   51.087574] rtc_cmos rtc_cmos: alarms up to one day, 114 bytes nvram
[   51.087579] i2c /dev entries driver
[   51.087621] device-mapper: uevent: version 1.0.3
[   51.087660] device-mapper: ioctl: 4.34.0-ioctl (2015-10-28) initialised: dm-devel@redhat.com
[   51.087678] ledtrig-cpu: registered to indicate activity on CPUs
[   51.087925] NET: Registered protocol family 10
[   51.088052] NET: Registered protocol family 17
[   51.088062] Key type dns_resolver registered
[   51.088248] registered taskstats version 1
[   51.088258] Loading compiled-in X.509 certificates
[   51.088860] Loaded X.509 cert 'Build time autogenerated kernel key: b7189ebc996fd79c52efc1226b6676b25e4f6a2d'
[   51.088874] zswap: loaded using pool lzo/zbud
[   51.090362] Key type trusted registered
[   51.092442] Key type encrypted registered
[   51.092457] AppArmor: AppArmor sha1 policy hashing enabled
[   51.092459] ima: No TPM chip found, activating TPM-bypass!
[   51.092462] ima: Allocated hash algorithm: sha1
[   51.092486] evm: HMAC attrs: 0x1
[   51.092691]   Magic number: 2:85:503
[   51.398496] rtc_cmos rtc_cmos: setting system clock to 2018-09-24 22:30:05 UTC (1537828205)
[   51.398647] BIOS EDD facility v0.16 2004-Jun-25, 0 devices found
[   51.398648] EDD information not available.
[   51.737738] input: AT Translated Set 2 keyboard as /devices/platform/i8042/serio0/input/input2
[   57.373805] Freeing unused kernel memory: 1516K
[   57.633262] Write protecting the kernel read-only data: 14336k
[   58.002651] Freeing unused kernel memory: 1672K
[   58.462200] Freeing unused kernel memory: 92K
Loading, please [   58.713247] random: systemd-udevd: uninitialized urandom read (16 bytes read, 5 bits of entropy available)
wait...
startin[   58.713898] random: udevadm: uninitialized urandom read (16 bytes read, 5 bits of entropy available)
g version 229
[   58.713916] random: udevadm: uninitialized urandom read (16 bytes read, 5 bits of entropy available)
[   58.720591] random: udevadm: uninitialized urandom read (16 bytes read, 5 bits of entropy available)
[   58.720627] random: udevadm: uninitialized urandom read (16 bytes read, 5 bits of entropy available)
[   58.720742] random: udevadm: uninitialized urandom read (16 bytes read, 5 bits of entropy available)
[   58.720820] random: udevadm: uninitialized urandom read (16 bytes read, 5 bits of entropy available)
[   58.720939] random: udevadm: uninitialized urandom read (16 bytes read, 5 bits of entropy available)
[   58.720978] random: udevadm: uninitialized urandom read (16 bytes read, 5 bits of entropy available)
[   58.721013] random: udevadm: uninitialized urandom read (16 bytes read, 5 bits of entropy available)
[   60.754291] e1000: Intel(R) PRO/1000 Network Driver - version 7.3.21-k8-NAPI
[   60.754293] Fusion MPT base driver 3.04.20
[   60.754294] Copyright (c) 1999-2008 LSI Corporation
[   61.981952] e1000: Copyright (c) 1999-2006 Intel Corporation.
[   62.554066] Fusion MPT SPI Host driver 3.04.20
[   62.747042] mptbase: ioc0: Initiating bringup
[   62.784010] AVX2 version of gcm_enc/dec engaged.
[   62.837419] ioc0: LSI53C1030 A0: Capabilities={Initiator}
[   63.019091] AES CTR mode by8 optimization enabled
[   63.136692] scsi host2: ioc0: LSI53C1030 A0, FwRev=00000000h, Ports=1, MaxQ=256, IRQ=20
[   63.862333] scsi 2:0:0:0: Direct-Access     VBOX     HARDDISK         1.0  PQ: 0 ANSI: 5
[   64.118467] scsi target2:0:0: Beginning Domain Validation
[   64.393360] scsi target2:0:0: Domain Validation skipping write tests
[   64.682134] scsi target2:0:0: Ending Domain Validation
[   64.699554] e1000 0000:00:03.0 eth0: (PCI:33MHz:32-bit) 02:fb:a8:4c:29:d0
[   64.699558] e1000 0000:00:03.0 eth0: Intel(R) PRO/1000 Network Connection
[   65.453851] e1000 0000:00:03.0 enp0s3: renamed from eth0
[   65.702180] scsi target2:0:0: asynchronous
[   65.902558] scsi 2:0:1:0: Direct-Access     VBOX     HARDDISK         1.0  PQ: 0 ANSI: 5
[   66.322237] scsi target2:0:1: Beginning Domain Validation
[   66.582869] input: ImExPS/2 Generic Explorer Mouse as /devices/platform/i8042/serio1/input/input4
[   67.042021] scsi target2:0:1: Domain Validation skipping write tests
[   67.042022] scsi target2:0:1: Ending Domain Validation
[   67.042090] scsi target2:0:1: asynchronous
[   67.707795] sd 2:0:0:0: [sda] 20971520 512-byte logical blocks: (10.7 GB/10.0 GiB)
[   67.708137] sd 2:0:0:0: [sda] Write Protect is off
[   67.708222] sd 2:0:0:0: [sda] Incomplete mode parameter data
[   67.708224] sd 2:0:0:0: [sda] Assuming drive cache: write through
[   68.081715] sd 2:0:0:0: Attached scsi generic sg0 type 0
[   68.082328] sd 2:0:1:0: [sdb] 20480 512-byte logical blocks: (10.5 MB/10.0 MiB)
[   68.082364] sd 2:0:1:0: Attached scsi generic sg1 type 0
[   68.082500] sd 2:0:1:0: [sdb] Write Protect is off
[   68.082583] sd 2:0:1:0: [sdb] Incomplete mode parameter data
[   68.082584] sd 2:0:1:0: [sdb] Assuming drive cache: write through
[   68.083179]  sda: sda1
[   68.083595] sd 2:0:0:0: [sda] Attached SCSI disk
[   68.085074] sd 2:0:1:0: [sdb] Attached SCSI disk
Begin: Loading e[   71.771782] md: linear personality registered for level -1
ssential drivers[   72.114465] md: multipath personality registered for level -4
 ... [   72.248288] md: raid0 personality registered for level 0
[   72.319099] md: raid1 personality registered for level 1
[   72.521241] raid6: sse2x1   gen() 10664 MB/s
[   72.705259] raid6: sse2x1   xor()  8344 MB/s
[   72.857219] raid6: sse2x2   gen() 13541 MB/s
[   72.961239] raid6: sse2x2   xor()  8981 MB/s
[   73.073236] raid6: sse2x4   gen() 15718 MB/s
[   73.245218] raid6: sse2x4   xor() 10914 MB/s
[   73.409229] raid6: avx2x1   gen() 20660 MB/s
[   73.569229] raid6: avx2x2   gen() 24073 MB/s
[   73.749223] raid6: avx2x4   gen() 27865 MB/s
[   73.863804] raid6: using algorithm avx2x4 gen() 27865 MB/s
[   73.955023] raid6: using avx2x2 recovery algorithm
[   74.016266] xor: automatically using best checksumming function:
[   74.421631]    avx       : 56524.000 MB/sec
[   74.802944] async_tx: api initialized (async)
[   74.968687] md: raid6 personality registered for level 6
[   75.045351] md: raid5 personality registered for level 5
[   75.183831] md: raid4 personality registered for level 4
[   75.236977] md: raid10 personality registered for level 10
done.
Begin: Running /scripts/init-premount ... done[   75.549246] Btrfs loaded
.
Begin: Mounting root file system ... Begin: Running /scripts/[   75.708625] EXT4-fs (sda1): mounted filesystem with ordered data mode. Opts: (null)
local-top ... done.
Begin: Running /scripts/local-premount ... Scanning for Btrfs filesystems
done.
Warning: fsck not present, so skipping root file system
done.
Begin: Running /scripts/local-bottom ... done.
Begin: Running /scripts/init-bottom ... done.
[   76.074955] systemd[1]: systemd 229 running in system mode. (+PAM +AUDIT +SELINUX +IMA +APPARMOR +SMACK +SYSVINIT +UTMP +LIBCRYPTSETUP +GCRYPT +GNUTLS +ACL +XZ -LZ4 +SECCOMP +BLKID +ELFUTILS +KMOD -IDN)
[   76.486865] systemd[1]: Detected virtualization oracle.
[   76.512417] systemd[1]: Detected architecture x86-64.

Welcome to [1mUbuntu 16.04.5 LTS[0m!

[ 76704]ysmd]:etosamtoubtuxenial>.
[ 77613]ysemd[1]: Started Forward Password Requests to Wall Directory Watch.
[[0;32m  OK  [0m] Started Forward Password Requests to Wall Directory Watch.
[   77.953547] systemd[1]: Listening on LVM2 poll daeon socket.
[[0;32m  OK  [0m] Listening on LVM2 poll daemon socket.
[ 78297]ysmd[1]: Set up automount Arbitrary Executable File Formats File System Automount Point.
[[0;32m  OK  [0m] Set up automount Arbitrary Executab...ats File System Automount Point.
[ 7901632] systemd[1]: Reached target Swap.
[[0;32m  OK  [0m] Reached target Swap.
[   79.378494] systemd[1]: Created slice System Slice.
[[0;32m  OK  [0m] Created slice System Slice.
[   79.637646] systemd[1]: Listening on Device-mapper event daemon FIFOs.
[[0;32m  OK  [0m] Listening on Device-mapper event daemon FIFOs.
[   79979]ysmd1]: Started Trigger soconf uatfoneord S. [[0;32m  OK  [0m] Started Trigger resolvconf update for networkd DNS.
[   81.274363] systemd[1]: Created slice system-serial\x2dgetty.sic
[[0;32m  OK  [0m] Created slice system-serial\x2dgetty.slice.
[ 81092]ysmd]:eaedart crypted Volumes.
[[0;32m  OK  [0m] Reached target Encrypted Volumes.
[   82.297646] systemd[1]: Listening on Jrn Ske(/v/g)

[[0;32m  OK  [0m] Listening on Journal Socket (/dev/log).
[  88691syem1]Lienng on udev Kernel Socket.
[[0;32m  OK  [0m] Listening on udev Kernel Socket.
[   83.309519] systemd[1]: Listening on Journal Aud Ske
[[0;32m  OK  [0m] Listening on Journal Audit Socket.
[ 8465938] systemd[1]: Listening on Journal Socket.
[[0;32m  OK  [0m] Listening on Journal Socket.
[   84.621631] systemd[1]: Starting Create list of required static device nodes for the current kernel...
[   84.855207] random: nonblocking pool is initialized
         Starting Create list of required st... nodes for the current kernel...
[ 85015]ysmd1]Moti DugilSyem.
         Mounting Debug File System...
[   86.065650] systemd[1]: Mounting Huge Pages File System...
         Mounting Huge Pages File System...
[   86.229558] systemd[1]: Starting Load Kernel Modules...
         [   86.363954] Loading iSCSI transport class v2.0-870.
Starting Load Ke[   86.789268] iscsi: registered transport (tcp)
rnel Modules...
[   87.172012] systemd[1]: Reached target User and Group Name Lookups.
[[0;32m  OK  [0[   87.618447] iscsi: registered transport (iser)
m] Reached target User and Group Name Lookups.
[   87.933544] systemd[1]: Starting Uncomplicated firewall...
         Starting Uncomplicated firewall...
[   88.121534] systemd[1]: Starting Set console keymap...
         Starting Set console keymap...
[   88.261410] systemd[1]: Starting Remount Root and Kernel File Systems...
         [   88.426264] EXT4-fs (sda1): re-mounted. Opts: (null)
Starting Remount Root and Kernel File Systems...
[ 88.592006] systemd[1]: Listening on LVM2 metadata daemon socket.
[[0;32m  OK  [0m] Listening on LVM2 metadata daemon socket.
[   88.973639] systemd[1]: Starting Monitoring of LVM2 mirrors, snapshots etc. using dmeventd or progress polling...
         Starting Monitoring of LVM2 mirrors... dmeventd or progress polling...
[   89.277714] systemd[1]: Listening on udev Control Socket.
[[0;32m  OK  [0m] Listening on udev Control Socket.
[   89.613485] systemd[1]: Mounting POSIX Message Queue File System...
         Mounting POSIX Message Queue File System...
[   89.8175]ysmd]:isni o/dv/initctl Compatibility Named Pipe.
[[0;32m  OK  [0m] Listening on /dev/initctl Compatibility Named Pipe.
[   90.419697] systemd[1]: Reached target System Time Synchronized.
[[0;32m  OK  [0m] Reached target System Time Synchronized.
[   90.905722] systemd[1]: Listening on Syslog Socket.
[[0;32m  OK  [0m] Listening on Syslog Socket.
[   91.269624] systemd[1]: Starting Journal Service...
         Starting Journal Service...
[   91.421337] systemd[1]: Starting Nameserver information manager...
         Starting Nameserver information manager...
[   91.625987] systemd[1]: Created slice User and Session Slice.
[[0;32m  OK  [0m] Created slice User and Session Slice.
[ 91932]ysmd[1]: Reached target Slices.
[[0;32m  OK  [0m] Reached target Slices.
[   92.353140] systemd[1]: Mounted POSIX Msa Queil System.
[[0;32m  OK  [0m] Mounted POSIX Message Queue File System.
[   92.845482] systemd[1]: Mounted Debug File System.
[[0;32m  OK  [0m] Mounted Debug File System.
[   92.985624] systemd[1]: Mounted Huge Pages File System.
[[0;32m  OK  [0m] Mounted Huge Pages File System.
[ 93.153609] systemd[1]: Started Journal Service.
[[0;32m  OK  [0m] Started Journal Service.
[[0;32m  OK  [0m] Started Create list of required sta...ce nodes for the current kernel.
[[0;32m  OK  [0m] Started Load Kernel Modules.
[[0;32m  OK  [0m] Started Uncomplicated firewall.
[[0;32m  OK  [0m] Started Set console keymap.
[[0;32m  OK  [0m] Started Remount Root and Kernel File Systems.
[[0;32m  OK  [0m] Started Nameserver information manager.
[[0;32m  OK  [0m] Started LVM2 metadata daemon.
         Starting udev Coldplug all Devices...
         Starting Load/Save Random Seed...
         Mounting FUSE Control File System...
         Starting Apply Kernel Variables...
         Starting Create Static Device Nodes in /dev...
         Starting Flush Journal to Persistent Storage...
[[0;32m  OK  [0m] Mounted FUSE Control File System.
[[0;32m  OK  [0m] Started Monitoring of LVM2 mirrors,...ng dmeventd or progress polling.
[[0;32m  OK  [0m] Started Load/Save Random Seed.
[[0;32m  OK  [0m] Started Apply Kernel Variables.
[[0;32m  OK  [0m] Started Create Static Device Nodes in /dev.
[[0;32m  OK  [0m] Started udev Coldplug all Devices.
         Starting udev Kernel Device Manager...
[[0;32m  OK  [0m] Started Flush Journal to Persistent Storage.
[[0;32m  OK  [0m] Started udev Kernel Device Manager.
[[0;32m  OK  [0m] Started Dispatch Password Requests to Console Directory Watch.
[[0;32m  OK  [0m] Reached target Local File Systems (Pre).
[[0;32m  OK  [0m] Reached target Local File Systems.
         Starting Set console font and keymap...
         Starting Initial cloud-init job (pre-networking)...
         Starting Tell Plymouth To Write Out Runtime Data...
         Starting LSB: AppArmor initialization...
         Starting Create Volatile Files and Directories...
[[0;32m  OK  [0m] Started Set console font and keymap.
[[0;32m  OK  [0m] Started Tell Plymouth To Write Out Runtime Data.
[[0;32m  OK  [0m] Started Create Volatile Files and Directories.
[[0;32m  OK  [0m] Found device /dev/ttyS0.
[[0;32m  OK  [0m] Listening on Load/Save RF Kill Switch Status /dev/rfkill Watch.
         Starting Update UTMP about System Boot/Shutdown...
[[0;32m  OK  [0m] Created slice system-getty.slice.
[[0;32m  OK  [0m] Started LSB: AppArmor initialization.
[[0;32m  OK  [0m] Started Update UTMP about System Boot/Shutdown.
[   58.316522] cloud-init[618]: Cloud-init v. 18.3-9-g2e62cb8a-0ubuntu1~16.04.2 running 'init-local' at Mon, 24 Sep 2018 22:30:50 +0000. Up 58.09 seconds.
[[0;32m  OK  [0m] Started Initial cloud-init job (pre-networking).
[[0;32m  OK  [0m] Reached target Network (Pre).
         Starting Raise network interfaces...
[[0;32m  OK  [0m] Started ifup for enp0s3.
[[0;32m  OK  [0m] Started Raise network interfaces.
[[0;32m  OK  [0m] Reached target Network.
         Starting Initial cloud-init job (metadata service crawler)...
[   59.211005] cloud-init[954]: Cloud-init v. 18.3-9-g2e62cb8a-0ubuntu1~16.04.2 running 'init' at Mon, 24 Sep 2018 22:30:51 +0000. Up 58.92 seconds.
[   59.328824] [cloud-init[0;32m  OK  [0m[954]: ] ci-info: ++++++++++++++++++++++++++++++++++++++Net device info++++++++++++++++++++++++++++++++++++++Started Initial cloud-init job (metadata service crawler).

[   59.329371] cloud-init[954]: ci-info: +--------+------+----------------------------+---------------+--------+-------------------+
[   59.596652] [cloud-init[0;32m  OK  [0m[954]: ] ci-info: | Device |  Up  |          Address           |      Mask     | Scope  |     Hw-Address    |Reached target Network is Online.

[   59.597683] cloud-init[954]: ci-info: +--------+------+----------------------------+---------------+--------+-------------------+
[   59.836609]          cloud-initStarting iSCSI initiator daemon (iscsid)...[954]: 
ci-info: | enp0s3 | True |         10.0.2.15          | 255.255.255.0 | global | 02:fb:a8:4c:29:d0 |
[   60.000549] [cloud-init[0;32m  OK  [0m[954]: ] ci-info: | enp0s3 | True | fe80::fb:a8ff:fe4c:29d0/64 |       .       |  link  | 02:fb:a8:4c:29:d0 |Reached target Cloud-config availability.

[[0;32m  OK  [0m] Reached target System Initialization.
[[0;32m  OK  [0m] Listening on UUID daemon activation socket.
[   60.001591] cloud-init[954]: ci-info: |   lo   | True |         127.0.0.1          |   255.0.0.0   |  host  |         .         |
[   60.392521] [cloud-init[0;32m  OK  [0m[954]: ] ci-info: |   lo   | True |          ::1/128           |       .       |  host  |         .         |Started ACPI Events Check.

[[0;32m  OK  [0m] Reached target Paths.
[   60.393257] cloud-init[954]: ci-info: +--------+------+----------------------------+---------------+--------+-------------------+
[   60.748395] [cloud-init[0;32m  OK  [0m[954]: ] ci-info: +++++++++++++++++++++++++++Route IPv4 info++++++++++++++++++++++++++++Started Daily apt download activities.

[[0;32m  OK  [0m] Started Daily apt upgrade and clean activities.
[[0;32m  OK  [0m] Started Daily Cleanup of Temporary Directories.
[   60.748724] cloud-init[954]: ci-info: +-------+-------------+----------+---------------+-----------+-------+
[   61.048485] [cloud-init[0;32m  OK  [0m[954]: ] ci-info: | Route | Destination | Gateway  |    Genmask    | Interface | Flags |Reached target Timers.

[   61.049232] cloud-init[954]: ci-info: +-------+-------------+----------+---------------+-----------+-------+
[   61.248562] cloud-init[954]: ci-info: |   0   |   0.0.0.0   | 10.0.2.2 |    0.0.0.0    |   enp0s3  |   UG  |
[   61.340304]          cloud-initStarting LXD - unix socket.[954]: 
ci-info: |   1   |   10.0.2.0  | 0.0.0.0  | 255.255.255.0 |   enp0s3  |   U   |
[   61.516302] [cloud-init[0;32m  OK  [0m[954]: ] ci-info: +-------+-------------+----------+---------------+-----------+-------+Listening on D-Bus System Message Bus Socket.

[[0;32m  OK  [0m] Listening on ACPID Listen Socket.
[   61.516599] cloud-init[954]: ci-info: +++++++++++++++++++Route IPv6 info+++++++++++++++++++
[   61.812212]          cloud-initStarting Socket activation for snappy daemon.[954]: 
ci-info: +-------+-------------+---------+-----------+-------+
[   61.932303] [cloud-init[0;32m  OK  [0m[954]: ] ci-info: | Route | Destination | Gateway | Interface | Flags |Listening on LXD - unix socket.

[[0;32m  OK  [0m] Listening on Socket activation for snappy daemon.
[   61.932629] cloud-init[954]: ci-info: +-------+-------------+---------+-----------+-------+
[   62.196171] [cloud-init[0;32m  OK  [0m[954]: ] ci-info: |   0   |  fe80::/64  |    ::   |   enp0s3  |   U   |Started iSCSI initiator daemon (iscsid).

[   62.196436] cloud-init[954]: ci-info: |   3   |   ff00::/8  |    ::   |   enp0s3  |   U   |
[   62.330856]          cloud-initStarting Login to default iSCSI targets...[954]: 
ci-info: +-------+-------------+---------+-----------+-------+
[[0;32m  OK  [0m] Reached target Sockets.
[[0;32m  OK  [0m] Reached target Basic System.
         Starting Login Service...
         Starting System Logging Service...
[[0;32m  OK  [0m] Started D-Bus System Message Bus.
         Starting Virtualbox guest utils...
[[0;32m  OK  [0m] Started Unattended Upgrades Shutdown.
[[0;32m  OK  [0m] Started Deferred execution scheduler.
         Starting Accounts Service...
         Starting LSB: MD monitoring daemon...
[[0;32m  OK  [0m] Started ACPI event daemon.
         Starting /etc/rc.local Compatibility...
[[0;32m  OK  [0m] Started Regular background program processing daemon.
[[0;32m  OK  [0m] Started FUSE filesystem for LXC.
         Starting OpenBSD Secure Shell server...
         Starting Snappy daemon...
         Starting LSB: Record successful boot for GRUB...
         Starting LXD - container startup/shutdown...
[[0;32m  OK  [0m] Started System Logging Service.
[[0;32m  OK  [0m] Started OpenBSD Secure Shell server.
[[0;32m  OK  [0m] Started /etc/rc.local Compatibility.
[[0;32m  OK  [0m] Started Login to default iSCSI targets.
[[0;32m  OK  [0m] Started LSB: MD monitoring daemon.
[[0;32m  OK  [0m] Started Virtualbox guest utils.
[[0;32m  OK  [0m] Started LXD - container startup/shutdown.
[[0;32m  OK  [0m] Started Snappy daemon.
[[0;32m  OK  [0m] Started Login Service.
[[0;32m  OK  [0m] Started LSB: Record successful boot for GRUB.
         Starting Authenticate and Authorize Users to Run Privileged Tasks...
         Starting Wait until snapd is fully seeded...
[[0;32m  OK  [0m] Reached target Remote File Systems (Pre).
[[0;32m  OK  [0m] Reached target Remote File Systems.
         Starting Permit User Sessions...
         Starting LSB: daemon to balance interrupts for SMP systems...
         Starting LSB: Set the CPU Frequency Scaling governor to "ondemand"...
         Starting LSB: Apache2 web server...
         Starting LSB: automatic crash report generation...
[[0;32m  OK  [0m] Started Wait until snapd is fully seeded.
[[0;32m  OK  [0m] Started Permit User Sessions.
[[0;32m  OK  [0m] Started Authenticate and Authorize Users to Run Privileged Tasks.
[[0;32m  OK  [0m] Started Accounts Service.
         Starting Terminate Plymouth Boot Screen...
         Starting Hold until boot process finishes up...
         Starting Apply the settings specified in cloud-config...
[[0;32m  OK  [0m] Started LSB: daemon to balance interrupts for SMP systems.
[[0;32m  OK  [0m] Started LSB: Set the CPU Frequency Scaling governor to "ondemand".
[[0;32m  OK  [0m] Started Terminate Plymouth Boot Screen.
[[0;32m  OK  [0m] Started Hold until boot process finishes up.
[   65.028548] cloud-init[1185]: Cloud-init v. 18.3-9-g2e62cb8a-0ubuntu1~16.04.2 running 'modules:config' at Mon, 24 Sep 2018 22:30:57 +0000. Up 64.91 seconds.
[[0;32m  OK  [0m] Started Apply the settings specified in cloud-config.
[[0;32m  OK  [0m] Started LSB: automatic crash report generation.
[[0;32m  OK  [0m] Created slice User Slice of vagrant.
         Starting User Manager for UID 1000...
[[0;32m  OK  [0m] Started Session 1 of user vagrant.
         Starting Set console scheme...
[[0;32m  OK  [0m] Started Getty on tty1.
[[0;32m  OK  [0m] Started Serial Getty on ttyS0.
[[0;32m  OK  [0m] Reached target Login Prompts.
[[0;32m  OK  [0m] Started User Manager for UID 1000.
[[0;32m  OK  [0m] Started Set console scheme.
[[0;32m  OK  [0m] Started LSB: Apache2 web server.
[[0;32m  OK  [0m] Reached target Multi-User System.
         Starting Execute cloud user/final scripts...
[[0;32m  OK  [0m] Reached target Graphical Interface.
         Starting Update UTMP about System Runlevel Changes...
[[0;32m  OK  [0m] Started Update UTMP about System Runlevel Changes.
[   66.216490] cloud-init[1287]: Cloud-init v. 18.3-9-g2e62cb8a-0ubuntu1~16.04.2 running 'modules:final' at Mon, 24 Sep 2018 22:30:58 +0000. Up 66.11 seconds.
[[0;32m  OK  [0m] Started Execute cloud user/final scripts.
[   66.309634] cloud-init[1287]: Cloud-init v. 18.3-9-g2e62cb8a-0ubuntu1~16.04.2 finished at Mon, 24 Sep 2018 22:30:58 +0000. Datasource DataSourceNoCloud [seed=/dev/sdb][dsmode=net].  Up 66.21 seconds
[[0;32m  OK  [0m] Reached target Cloud-init target.

Ubuntu 16.04.5 LTS ubuntu-xenial ttyS0

ubuntu-xenial login: [[0;32m  OK 0         Stopping Serial Getty on ttyS0...
         Stopping Getty on tty1...
         Stopping System Logging Service...
         Stopping LSB: daemon to balance interrupts for SMP systems...
         Stopping LSB: Apache2 web server...
         Stopping LXD - container startup/shutdown...
         Stopping Virtualbox guest utils...
         Stopping OpenBSD Secure Shell server...
         Stopping D-Bus System Message Bus...
         Stopping LSB: automatic crash report generation...
         Stopping LSB: Set the CPU Frequency Scaling governor to "ondemand"...
         Stopping Regular background program processing daemon...
         Stopping Deferred execution scheduler...
[[0;32m  OK  [0m] Closed Load/Save RF Kill Switch Status /dev/rfkill Watch.
[[0;32m  OK  [0m] Unmounted /var/lib/lxcfs.
[[0;32m  OK  [0m] Stopped System Logging Service.
[[0;32m  OK  [0m] Stopped Deferred execution scheduler.
[[0;32m  OK  [0m] Stopped Accounts Service.
[[0;32m  OK  [0m] Stopped ACPI event daemon.
[[0;32m  OK  [0m] Stopped Regular background program processing daemon.
[[0;32m  OK  [0m] Stopped OpenBSD Secure Shell server.
[[0;32m  OK  [0m] Stopped Snappy daemon.
[[0;32m  OK  [0m] Stopped Authenticate and Authorize Users to Run Privileged Tasks.
[[0;32m  OK  [0m] Stopped Getty on tty1.
[[0;32m  OK  [0m] Stopped Serial Getty on ttyS0.
[[0;32m  OK  [0m] Stopped User Manager for UID 1000.
[[0;32m  OK  [0m] Stopped Session 3 of user vagrant.
[[0;32m  OK  [0m] Stopped Unattended Upgrades Shutdown.
[[0;32m  OK  [0m] Stopped D-Bus System Message Bus.
[[0;32m  OK  [0m] Stopped FUSE filesystem for LXC.
[[0;32m  OK  [0m] Stopped LSB: MD monitoring daemon.
[[0;32m  OK  [0m] Stopped LSB: Record successful boot for GRUB.
[[0;32m  OK  [0m] Stopped LSB: daemon to balance interrupts for SMP systems.
[[0;32m  OK  [0m] Stopped LXD - container startup/shutdown.
[[0;32m  OK  [0m] Stopped LSB: Set the CPU Frequency Scaling governor to "ondemand".
[[0;32m  OK  [0m] Stopped Virtualbox guest utils.
[[0;32m  OK  [0m] Stopped LSB: automatic crash report generation.
[[0;32m  OK  [0m] Removed slice User Slice of vagrant.
         Stopping Login Service...
[[0;32m  OK  [0m] Removed slice system-serial\x2dgetty.slice.
         Stopping Permit User Sessions...
[[0;32m  OK  [0m] Stopped /etc/rc.local Compatibility.
[[0;32m  OK  [0m] Removed slice system-getty.slice.
[[0;32m  OK  [0m] Stopped Login Service.
[[0;32m  OK  [0m] Stopped Permit User Sessions.
[[0;32m  OK  [0m] Stopped target User and Group Name Lookups.
[[0;32m  OK  [0m] Stopped LSB: Apache2 web server.
[[0;32m  OK  [0m] Stopped target Basic System.
[[0;32m  OK  [0m] Stopped target Sockets.
[[0;32m  OK  [0m] Closed ACPID Listen Socket.
[[0;32m  OK  [0m] Closed D-Bus System Message Bus Socket.
[[0;32m  OK  [0m] Closed LXD - unix socket.
[[0;32m  OK  [0m] Closed Syslog Socket.
[[0;32m  OK  [0m] Closed Socket activation for snappy daemon.
[[0;32m  OK  [0m] Closed UUID daemon activation socket.
[[0;32m  OK  [0m] Stopped target Paths.
[[0;32m  OK  [0m] Stopped Dispatch Password Requests to Console Directory Watch.
[[0;32m  OK  [0m] Stopped Forward Password Requests to Wall Directory Watch.
[[0;32m  OK  [0m] Stopped ACPI Events Check.
[[0;32m  OK  [0m] Stopped target System Initialization.
[[0;32m  OK  [0m] Stopped target Swap.
         Stopping Load/Save Random Seed...
[[0;32m  OK  [0m] Stopped target Encrypted Volumes.
         Stopping Update UTMP about System Boot/Shutdown...
[[0;32m  OK  [0m] Stopped target Slices.
[[0;32m  OK  [0m] Removed slice User and Session Slice.
[[0;32m  OK  [0m] Stopped target Remote File Systems.
[[0;32m  OK  [0m] Stopped target Remote File Systems (Pre).
         Stopping Login to default iSCSI targets...
[[0;32m  OK  [0m] Stopped Load/Save Random Seed.
[[0;32m  OK  [0m] Stopped Update UTMP about System Boot/Shutdown.
[[0;32m  OK  [0m] Stopped Login to default iSCSI targets.
         Stopping iSCSI initiator daemon (iscsid)...
[[0;32m  OK  [0m] Stopped Create Volatile Files and Directories.
[[0;32m  OK  [0m] Stopped iSCSI initiator daemon (iscsid).
[[0;32m  OK  [0m] Stopped target Network is Online.
[[0;32m  OK  [0m] Stopped Initial cloud-init job (metadata service crawler).
[[0;32m  OK  [0m] Stopped target Network.
         Stopping Raise network interfaces...
[[0;32m  OK  [0m] Stopped Raise network interfaces.
[[0;32m  OK  [0m] Stopped target Network (Pre).
[[0;32m  OK  [0m] Stopped Initial cloud-init job (pre-networking).
[[0;32m  OK  [0m] Stopped Apply Kernel Variables.
[[0;32m  OK  [0m] Stopped Load Kernel Modules.
[[0;32m  OK  [0m] Stopped target Local File Systems.
         Unmounting /run/user/1000...
         Unmounting /vagrant...
[[0;32m  OK  [0m] Unmounted /run/user/1000.
[[0;32m  OK  [0m] Unmounted /vagrant.
[[0;32m  OK  [0m] Reached target Unmount All Filesystems.
[[0;32m  OK  [0m] Stopped target Local File Systems (Pre).
         Stopping Monitoring of LVM2 mirrors... dmeventd or progress polling...
[[0;32m  OK  [0m] Stopped Create Static Device Nodes in /dev.
[[0;32m  OK  [0m] Stopped Remount Root and Kernel File Systems.
[[0;32m  OK  [0m] Reached target Shutdown.
[  631.321234] reboot: Power down
